[0.004s] Invoking command in '/home/nahyoun/Desktop/ros2_learning-main/src/custom_publisher/build/custom_publisher': CMAKE_PREFIX_PATH=/opt/ros/humble /usr/bin/cmake /home/nahyoun/Desktop/ros2_learning-main/src/custom_publisher -DCMAKE_INSTALL_PREFIX=/home/nahyoun/Desktop/ros2_learning-main/src/custom_publisher/install/custom_publisher
[0.009s] -- Found ament_cmake: 1.3.9 (/opt/ros/humble/share/ament_cmake/cmake)
[0.070s] -- Found rclcpp: 16.0.9 (/opt/ros/humble/share/rclcpp/cmake)
[0.083s] -- Found rosidl_generator_c: 3.1.5 (/opt/ros/humble/share/rosidl_generator_c/cmake)
[0.084s] -- Found rosidl_adapter: 3.1.5 (/opt/ros/humble/share/rosidl_adapter/cmake)
[0.086s] -- Found rosidl_generator_cpp: 3.1.5 (/opt/ros/humble/share/rosidl_generator_cpp/cmake)
[0.092s] -- Using all available rosidl_typesupport_c: rosidl_typesupport_fastrtps_c;rosidl_typesupport_introspection_c
[0.099s] -- Using all available rosidl_typesupport_cpp: rosidl_typesupport_fastrtps_cpp;rosidl_typesupport_introspection_cpp
[0.125s] -- Found rmw_implementation_cmake: 6.1.2 (/opt/ros/humble/share/rmw_implementation_cmake/cmake)
[0.126s] -- Found rmw_fastrtps_cpp: 6.2.6 (/opt/ros/humble/share/rmw_fastrtps_cpp/cmake)
[0.178s] -- Using RMW implementation 'rmw_fastrtps_cpp' as default
[0.253s] [31mCMake Error at CMakeLists.txt:21 (find_package):
[0.253s]   By not providing "Findcustom_interface.cmake" in CMAKE_MODULE_PATH this
[0.253s]   project has asked CMake to find a package configuration file provided by
[0.253s]   "custom_interface", but CMake did not find one.
[0.253s] 
[0.253s]   Could not find a package configuration file provided by "custom_interface"
[0.253s]   with any of the following names:
[0.253s] 
[0.254s]     custom_interfaceConfig.cmake
[0.254s]     custom_interface-config.cmake
[0.254s] 
[0.254s]   Add the installation prefix of "custom_interface" to CMAKE_PREFIX_PATH or
[0.254s]   set "custom_interface_DIR" to a directory containing one of the above
[0.254s]   files.  If "custom_interface" provides a separate development package or
[0.254s]   SDK, be sure it has been installed.
[0.254s] 
[0.254s] [0m
[0.254s] -- Configuring incomplete, errors occurred!
[0.254s] See also "/home/nahyoun/Desktop/ros2_learning-main/src/custom_publisher/build/custom_publisher/CMakeFiles/CMakeOutput.log".
[0.257s] Invoked command in '/home/nahyoun/Desktop/ros2_learning-main/src/custom_publisher/build/custom_publisher' returned '1': CMAKE_PREFIX_PATH=/opt/ros/humble /usr/bin/cmake /home/nahyoun/Desktop/ros2_learning-main/src/custom_publisher -DCMAKE_INSTALL_PREFIX=/home/nahyoun/Desktop/ros2_learning-main/src/custom_publisher/install/custom_publisher
