[0.054s] DEBUG:colcon:Command line arguments: ['/usr/bin/colcon', 'build', '--packages-select', 'custom_publisher', '--event-handlers', 'console_cohesion+']
[0.054s] DEBUG:colcon:Parsed command line arguments: Namespace(log_base=None, log_level=None, verb_name='build', build_base='build', install_base='install', merge_install=False, symlink_install=False, test_result_base=None, continue_on_error=False, executor='parallel', parallel_workers=32, event_handlers=['console_cohesion+'], ignore_user_meta=False, metas=['./colcon.meta'], base_paths=['.'], packages_ignore=None, packages_ignore_regex=None, paths=None, packages_up_to=None, packages_up_to_regex=None, packages_above=None, packages_above_and_dependencies=None, packages_above_depth=None, packages_select_by_dep=None, packages_skip_by_dep=None, packages_skip_up_to=None, packages_select_build_failed=False, packages_skip_build_finished=False, packages_select_test_failures=False, packages_skip_test_passed=False, packages_select=['custom_publisher'], packages_skip=None, packages_select_regex=None, packages_skip_regex=None, packages_start=None, packages_end=None, allow_overriding=[], cmake_args=None, cmake_target=None, cmake_target_skip_unavailable=False, cmake_clean_cache=False, cmake_clean_first=False, cmake_force_configure=False, ament_cmake_args=None, catkin_cmake_args=None, catkin_skip_building_tests=False, verb_parser=<colcon_defaults.argument_parser.defaults.DefaultArgumentsDecorator object at 0x7a86837219c0>, verb_extension=<colcon_core.verb.build.BuildVerb object at 0x7a8683721600>, main=<bound method BuildVerb.main of <colcon_core.verb.build.BuildVerb object at 0x7a8683721600>>)
[0.128s] Level 1:colcon.colcon_core.package_discovery:discover_packages(colcon_meta) check parameters
[0.128s] Level 1:colcon.colcon_core.package_discovery:discover_packages(recursive) check parameters
[0.128s] Level 1:colcon.colcon_core.package_discovery:discover_packages(ignore) check parameters
[0.128s] Level 1:colcon.colcon_core.package_discovery:discover_packages(path) check parameters
[0.128s] Level 1:colcon.colcon_core.package_discovery:discover_packages(colcon_meta) discover
[0.128s] Level 1:colcon.colcon_core.package_discovery:discover_packages(recursive) discover
[0.128s] INFO:colcon.colcon_core.package_discovery:Crawling recursively for packages in '/home/nahyoun/Desktop/ros2_learning-main/src/custom_publisher'
[0.128s] Level 1:colcon.colcon_core.package_identification:_identify(.) by extensions ['ignore', 'ignore_ament_install']
[0.128s] Level 1:colcon.colcon_core.package_identification:_identify(.) by extension 'ignore'
[0.128s] Level 1:colcon.colcon_core.package_identification:_identify(.) by extension 'ignore_ament_install'
[0.128s] Level 1:colcon.colcon_core.package_identification:_identify(.) by extensions ['colcon_pkg']
[0.128s] Level 1:colcon.colcon_core.package_identification:_identify(.) by extension 'colcon_pkg'
[0.128s] Level 1:colcon.colcon_core.package_identification:_identify(.) by extensions ['colcon_meta']
[0.128s] Level 1:colcon.colcon_core.package_identification:_identify(.) by extension 'colcon_meta'
[0.128s] Level 1:colcon.colcon_core.package_identification:_identify(.) by extensions ['ros']
[0.128s] Level 1:colcon.colcon_core.package_identification:_identify(.) by extension 'ros'
[0.135s] DEBUG:colcon.colcon_core.package_identification:Package '.' with type 'ros.ament_cmake' and name 'custom_publisher'
[0.135s] Level 1:colcon.colcon_core.package_discovery:discover_packages(recursive) using defaults
[0.135s] Level 1:colcon.colcon_core.package_discovery:discover_packages(ignore) discover
[0.135s] Level 1:colcon.colcon_core.package_discovery:discover_packages(ignore) using defaults
[0.135s] Level 1:colcon.colcon_core.package_discovery:discover_packages(path) discover
[0.135s] Level 1:colcon.colcon_core.package_discovery:discover_packages(path) using defaults
[0.145s] Level 1:colcon.colcon_core.package_discovery:discover_packages(prefix_path) check parameters
[0.145s] Level 1:colcon.colcon_core.package_discovery:discover_packages(prefix_path) discover
[0.148s] DEBUG:colcon.colcon_installed_package_information.package_discovery:Found 270 installed packages in /opt/ros/humble
[0.155s] Level 1:colcon.colcon_core.package_discovery:discover_packages(prefix_path) using defaults
[0.170s] Level 5:colcon.colcon_core.verb:set package 'custom_publisher' build argument 'cmake_args' from command line to 'None'
[0.170s] Level 5:colcon.colcon_core.verb:set package 'custom_publisher' build argument 'cmake_target' from command line to 'None'
[0.170s] Level 5:colcon.colcon_core.verb:set package 'custom_publisher' build argument 'cmake_target_skip_unavailable' from command line to 'False'
[0.170s] Level 5:colcon.colcon_core.verb:set package 'custom_publisher' build argument 'cmake_clean_cache' from command line to 'False'
[0.170s] Level 5:colcon.colcon_core.verb:set package 'custom_publisher' build argument 'cmake_clean_first' from command line to 'False'
[0.170s] Level 5:colcon.colcon_core.verb:set package 'custom_publisher' build argument 'cmake_force_configure' from command line to 'False'
[0.170s] Level 5:colcon.colcon_core.verb:set package 'custom_publisher' build argument 'ament_cmake_args' from command line to 'None'
[0.170s] Level 5:colcon.colcon_core.verb:set package 'custom_publisher' build argument 'catkin_cmake_args' from command line to 'None'
[0.170s] Level 5:colcon.colcon_core.verb:set package 'custom_publisher' build argument 'catkin_skip_building_tests' from command line to 'False'
[0.170s] DEBUG:colcon.colcon_core.verb:Building package 'custom_publisher' with the following arguments: {'ament_cmake_args': None, 'build_base': '/home/nahyoun/Desktop/ros2_learning-main/src/custom_publisher/build/custom_publisher', 'catkin_cmake_args': None, 'catkin_skip_building_tests': False, 'cmake_args': None, 'cmake_clean_cache': False, 'cmake_clean_first': False, 'cmake_force_configure': False, 'cmake_target': None, 'cmake_target_skip_unavailable': False, 'install_base': '/home/nahyoun/Desktop/ros2_learning-main/src/custom_publisher/install/custom_publisher', 'merge_install': False, 'path': '/home/nahyoun/Desktop/ros2_learning-main/src/custom_publisher', 'symlink_install': False, 'test_result_base': None}
[0.170s] INFO:colcon.colcon_core.executor:Executing jobs using 'parallel' executor
[0.171s] DEBUG:colcon.colcon_parallel_executor.executor.parallel:run_until_complete
[0.171s] INFO:colcon.colcon_ros.task.ament_cmake.build:Building ROS package in '/home/nahyoun/Desktop/ros2_learning-main/src/custom_publisher' with build type 'ament_cmake'
[0.171s] INFO:colcon.colcon_cmake.task.cmake.build:Building CMake package in '/home/nahyoun/Desktop/ros2_learning-main/src/custom_publisher'
[0.172s] INFO:colcon.colcon_core.plugin_system:Skipping extension 'colcon_core.shell.bat': Not used on non-Windows systems
[0.172s] INFO:colcon.colcon_core.shell:Skip shell extension 'powershell' for command environment: Not usable outside of PowerShell
[0.172s] DEBUG:colcon.colcon_core.shell:Skip shell extension 'dsv' for command environment
[0.175s] DEBUG:colcon.colcon_core.event_handler.log_command:Invoking command in '/home/nahyoun/Desktop/ros2_learning-main/src/custom_publisher/build/custom_publisher': CMAKE_PREFIX_PATH=/opt/ros/humble /usr/bin/cmake /home/nahyoun/Desktop/ros2_learning-main/src/custom_publisher -DCMAKE_INSTALL_PREFIX=/home/nahyoun/Desktop/ros2_learning-main/src/custom_publisher/install/custom_publisher
[0.812s] DEBUG:colcon.colcon_core.event_handler.log_command:Invoked command in '/home/nahyoun/Desktop/ros2_learning-main/src/custom_publisher/build/custom_publisher' returned '1': CMAKE_PREFIX_PATH=/opt/ros/humble /usr/bin/cmake /home/nahyoun/Desktop/ros2_learning-main/src/custom_publisher -DCMAKE_INSTALL_PREFIX=/home/nahyoun/Desktop/ros2_learning-main/src/custom_publisher/install/custom_publisher
[0.817s] Level 1:colcon.colcon_core.environment:create_environment_scripts_only(custom_publisher)
[0.818s] Level 1:colcon.colcon_core.environment:checking '/home/nahyoun/Desktop/ros2_learning-main/src/custom_publisher/install/custom_publisher' for CMake module files
[0.818s] Level 1:colcon.colcon_core.environment:checking '/home/nahyoun/Desktop/ros2_learning-main/src/custom_publisher/install/custom_publisher' for CMake config files
[0.818s] Level 1:colcon.colcon_core.environment:checking '/home/nahyoun/Desktop/ros2_learning-main/src/custom_publisher/install/custom_publisher/bin'
[0.818s] Level 1:colcon.colcon_core.environment:checking '/home/nahyoun/Desktop/ros2_learning-main/src/custom_publisher/install/custom_publisher/lib/pkgconfig/custom_publisher.pc'
[0.818s] Level 1:colcon.colcon_core.environment:checking '/home/nahyoun/Desktop/ros2_learning-main/src/custom_publisher/install/custom_publisher/lib/python3.10/site-packages'
[0.818s] Level 1:colcon.colcon_core.environment:checking '/home/nahyoun/Desktop/ros2_learning-main/src/custom_publisher/install/custom_publisher/bin'
[0.818s] INFO:colcon.colcon_core.shell:Creating package script '/home/nahyoun/Desktop/ros2_learning-main/src/custom_publisher/install/custom_publisher/share/custom_publisher/package.ps1'
[0.819s] INFO:colcon.colcon_core.shell:Creating package descriptor '/home/nahyoun/Desktop/ros2_learning-main/src/custom_publisher/install/custom_publisher/share/custom_publisher/package.dsv'
[0.819s] INFO:colcon.colcon_core.shell:Creating package script '/home/nahyoun/Desktop/ros2_learning-main/src/custom_publisher/install/custom_publisher/share/custom_publisher/package.sh'
[0.819s] INFO:colcon.colcon_core.shell:Creating package script '/home/nahyoun/Desktop/ros2_learning-main/src/custom_publisher/install/custom_publisher/share/custom_publisher/package.bash'
[0.819s] INFO:colcon.colcon_core.shell:Creating package script '/home/nahyoun/Desktop/ros2_learning-main/src/custom_publisher/install/custom_publisher/share/custom_publisher/package.zsh'
[0.820s] Level 1:colcon.colcon_core.environment:create_file_with_runtime_dependencies(/home/nahyoun/Desktop/ros2_learning-main/src/custom_publisher/install/custom_publisher/share/colcon-core/packages/custom_publisher)
[0.830s] DEBUG:colcon.colcon_parallel_executor.executor.parallel:closing loop
[0.830s] DEBUG:colcon.colcon_parallel_executor.executor.parallel:loop closed
[0.830s] DEBUG:colcon.colcon_parallel_executor.executor.parallel:run_until_complete finished with '1'
[0.830s] DEBUG:colcon.colcon_core.event_reactor:joining thread
[0.833s] INFO:colcon.colcon_core.plugin_system:Skipping extension 'colcon_notification.desktop_notification.terminal_notifier': Not used on non-Darwin systems
[0.834s] INFO:colcon.colcon_core.plugin_system:Skipping extension 'colcon_notification.desktop_notification.win32': Not used on non-Windows systems
[0.834s] INFO:colcon.colcon_notification.desktop_notification:Sending desktop notification using 'notify2'
[0.844s] DEBUG:colcon.colcon_core.event_reactor:joined thread
[0.844s] INFO:colcon.colcon_core.shell:Creating prefix script '/home/nahyoun/Desktop/ros2_learning-main/src/custom_publisher/install/local_setup.ps1'
[0.845s] INFO:colcon.colcon_core.shell:Creating prefix util module '/home/nahyoun/Desktop/ros2_learning-main/src/custom_publisher/install/_local_setup_util_ps1.py'
[0.845s] INFO:colcon.colcon_core.shell:Creating prefix chain script '/home/nahyoun/Desktop/ros2_learning-main/src/custom_publisher/install/setup.ps1'
[0.846s] INFO:colcon.colcon_core.shell:Creating prefix script '/home/nahyoun/Desktop/ros2_learning-main/src/custom_publisher/install/local_setup.sh'
[0.846s] INFO:colcon.colcon_core.shell:Creating prefix util module '/home/nahyoun/Desktop/ros2_learning-main/src/custom_publisher/install/_local_setup_util_sh.py'
[0.846s] INFO:colcon.colcon_core.shell:Creating prefix chain script '/home/nahyoun/Desktop/ros2_learning-main/src/custom_publisher/install/setup.sh'
[0.847s] INFO:colcon.colcon_core.shell:Creating prefix script '/home/nahyoun/Desktop/ros2_learning-main/src/custom_publisher/install/local_setup.bash'
[0.847s] INFO:colcon.colcon_core.shell:Creating prefix chain script '/home/nahyoun/Desktop/ros2_learning-main/src/custom_publisher/install/setup.bash'
[0.847s] INFO:colcon.colcon_core.shell:Creating prefix script '/home/nahyoun/Desktop/ros2_learning-main/src/custom_publisher/install/local_setup.zsh'
[0.848s] INFO:colcon.colcon_core.shell:Creating prefix chain script '/home/nahyoun/Desktop/ros2_learning-main/src/custom_publisher/install/setup.zsh'
